0 info it worked if it ends with ok
1 verbose cli [ 'c:\\Program Files\\nodejs\\node.exe',
1 verbose cli   'c:\\Program Files\\nodejs\\node_modules\\npm\\bin\\npm-cli.js',
1 verbose cli   'install',
1 verbose cli   '--save-dev',
1 verbose cli   'gulp-uglify' ]
2 info using npm@1.4.28
3 info using node@v0.10.33
4 error Failed to parse json
4 error Unexpected end of input
5 error File: e:\www\Vipul\vipulism.github.io\package.json
6 error Failed to parse package.json data.
6 error package.json must be actual JSON, not just JavaScript.
6 error
6 error This is not a bug in npm.
6 error Tell the package author to fix their package.json file. JSON.parse
7 error System Windows_NT 6.2.9200
8 error command "c:\\Program Files\\nodejs\\node.exe" "c:\\Program Files\\nodejs\\node_modules\\npm\\bin\\npm-cli.js" "install" "--save-dev" "gulp-uglify"
9 error cwd e:\www\Vipul\vipulism.github.io
10 error node -v v0.10.33
11 error npm -v 1.4.28
12 error file e:\www\Vipul\vipulism.github.io\package.json
13 error code EJSONPARSE
14 verbose exit [ 1, true ]
